<?xml version="1.0" encoding="UTF-8"?>
<!-- Generated by org.testng.reporters.JUnitReportReporter -->
<testsuite hostname="MIK3-HP" failures="0" tests="1" name="testNG.YahooLoginTestNG" time="10.211" errors="0" timestamp="2020-08-28T13:22:49 BST" skipped="0">
  <testcase classname="testNG.YahooLoginTestNG" name="yahooLogin" time="10.211"/>
  <system-out/>
</testsuite> <!-- testNG.YahooLoginTestNG -->
