<?xml version="1.0" encoding="UTF-8"?>
<!-- Generated by org.testng.reporters.JUnitReportReporter -->
<testsuite hostname="MIK3-HP" failures="0" tests="2" name="dataDriven.YahooLoginwithReadExcelLibrary" time="22.139" errors="0" timestamp="2020-07-09T01:34:16 BST" skipped="0">
  <testcase classname="dataDriven.YahooLoginwithReadExcelLibrary" name="login" time="10.488"/>
  <system-out/>
  <testcase classname="dataDriven.YahooLoginwithReadExcelLibrary" name="login" time="11.651"/>
  <system-out/>
</testsuite> <!-- dataDriven.YahooLoginwithReadExcelLibrary -->
