<?xml version="1.0" encoding="UTF-8"?>
<!-- Generated by org.testng.reporters.JUnitReportReporter -->
<testsuite hostname="MIK3-HP" failures="0" tests="1" name="testNG.OpenYoutube" time="12.356" errors="0" timestamp="2020-08-24T18:14:39 BST" skipped="0">
  <testcase classname="testNG.OpenYoutube" name="viewPage" time="12.356"/>
  <system-out/>
</testsuite> <!-- testNG.OpenYoutube -->
